<?xml version="1.0" encoding="UTF-8"?>
<!-- Generated by org.testng.reporters.JUnitReportReporter -->
<testsuite hostname="DESKTOP-E11VTBO" failures="0" tests="4" name="qaautomation.tugas5.APITest" time="12.591" errors="0" timestamp="2022-06-12T13:50:30 ICT" skipped="0">
  <testcase classname="qaautomation.tugas5.APITest" name="registerAPI3" time="1.611"/>
  <system-out/>
  <testcase classname="qaautomation.tugas5.APITest" name="registerAPI2" time="4.411"/>
  <system-out/>
  <testcase classname="qaautomation.tugas5.APITest" name="registerAPI1" time="1.754"/>
  <system-out/>
  <testcase classname="qaautomation.tugas5.APITest" name="registerAPI" time="4.815"/>
  <system-out/>
</testsuite> <!-- qaautomation.tugas5.APITest -->
