<?xml version="1.0" encoding="UTF-8"?>
<!-- Generated by org.testng.reporters.JUnitReportReporter -->
<testsuite hostname="DESKTOP-E11VTBO" failures="0" tests="1" name="qaautomation.tugas5.WebTestAfterPageFactory" time="5.092" errors="0" timestamp="2022-05-29T15:38:49 ICT" skipped="0">
  <testcase classname="qaautomation.tugas5.WebTestAfterPageFactory" name="testLogin" time="5.092"/>
  <system-out/>
</testsuite> <!-- qaautomation.tugas5.WebTestAfterPageFactory -->
