<?xml version="1.0" encoding="UTF-8"?>
<!-- Generated by org.testng.reporters.JUnitReportReporter -->
<testsuite hostname="DESKTOP-E11VTBO" failures="0" tests="4" name="qaautomation.tugas5.APITest" time="13.095" errors="0" timestamp="2022-06-07T05:47:34 ICT" skipped="0">
  <testcase classname="qaautomation.tugas5.APITest" name="registerAPI1" time="1.578"/>
  <system-out/>
  <testcase classname="qaautomation.tugas5.APITest" name="registerAPI2" time="1.621"/>
  <system-out/>
  <testcase classname="qaautomation.tugas5.APITest" name="registerAPI3" time="2.710"/>
  <system-out/>
  <testcase classname="qaautomation.tugas5.APITest" name="registerAPI" time="7.186"/>
  <system-out/>
</testsuite> <!-- qaautomation.tugas5.APITest -->
