<?xml version="1.0" encoding="UTF-8"?>
<!-- Generated by org.testng.reporters.JUnitReportReporter -->
<testsuite hostname="DESKTOP-E11VTBO" failures="0" tests="1" name="qaautomation.tugas3.WebTestSauceDemo" time="9.653" errors="0" timestamp="2022-06-11T11:04:31 ICT" skipped="0">
  <testcase classname="qaautomation.tugas3.WebTestSauceDemo" name="testLogin" time="9.653"/>
  <system-out/>
</testsuite> <!-- qaautomation.tugas3.WebTestSauceDemo -->
