<?xml version="1.0" encoding="UTF-8"?>
<!-- Generated by org.testng.reporters.JUnitReportReporter -->
<testsuite hostname="DESKTOP-E11VTBO" failures="0" tests="1" name="qaautomation.tugas3.WebTestAfterPageFactory" time="5.680" errors="0" timestamp="2022-06-02T22:10:31 ICT" skipped="0">
  <testcase classname="qaautomation.tugas3.WebTestAfterPageFactory" name="testLogin" time="5.680"/>
  <system-out/>
</testsuite> <!-- qaautomation.tugas3.WebTestAfterPageFactory -->
