<?xml version="1.0" encoding="UTF-8"?>
<!-- Generated by org.testng.reporters.JUnitReportReporter -->
<testsuite hostname="DESKTOP-E11VTBO" failures="0" tests="1" name="qaautomation.tugas4.WebTestYopMail" time="16.010" errors="0" timestamp="2022-06-09T07:01:32 ICT" skipped="0">
  <testcase classname="qaautomation.tugas4.WebTestYopMail" name="testLogin" time="16.010"/>
  <system-out/>
</testsuite> <!-- qaautomation.tugas4.WebTestYopMail -->
